<?xml version="1.0" encoding="UTF-8"?>
<!-- Generated by org.testng.reporters.JUnitReportReporter -->
<testsuite hostname="LAPTOP-50EOP4VT" failures="0" tests="1" name="test1.TC0001_RegisterTest" time="6.974" errors="0" timestamp="2023-11-13T11:29:14 IST" skipped="0">
  <testcase classname="test1.TC0001_RegisterTest" name="Register" time="6.974"/>
</testsuite> <!-- test1.TC0001_RegisterTest -->
