<?xml version="1.0" encoding="UTF-8"?>
<!-- Generated by org.testng.reporters.JUnitReportReporter -->
<testsuite hostname="LAPTOP-50EOP4VT" failures="0" tests="1" name="test1.TC0001_RegisterTest" time="8.125" errors="0" timestamp="2023-11-14T09:15:18 IST" skipped="0">
  <testcase classname="test1.TC0001_RegisterTest" name="Register" time="8.125"/>
</testsuite> <!-- test1.TC0001_RegisterTest -->
